16:39:24 **** Build of configuration Debug for project EEPROM_I2C ****
make ECLIPSE=1 all 
make -C /C/Maxim/Firmware/MAX32660/Libraries/MAX32660PeriphDriver lib BUILD_DIR=/c/Users/spayr/Documents/eclipseworkspace/MAX32660/EEPROM_I2C/build/PeriphDriver
make[1]: Entering directory `/C/Maxim/Firmware/MAX32660/Libraries/MAX32660PeriphDriver'
arm-none-eabi-gcc -mthumb -mcpu=cortex-m4 -mfloat-abi=hard -mfpu=fpv4-sp-d16 -Wa,-mimplicit-it=thumb -O1 -fsingle-precision-constant -ffunction-sections -fdata-sections -MD -Wall -Wdouble-promotion -Wno-format -c -fno-isolate-erroneous-paths-dereference -DTARGET=32660 -DTARGET_REV=0x4131 -g3 -ggdb -DDEBUG -DMXC_ASSERT_ENABLE -DRO_FREQ=80000000 -IInclude -IC:/Maxim/Firmware/MAX32660/Libraries/CMSIS/Device/Maxim/MAX32660/Include -IC:/Maxim/Firmware/MAX32660/Libraries/CMSIS/Include -o /c/Users/spayr/Documents/eclipseworkspace/MAX32660/EEPROM_I2C/build/PeriphDriver/nvic_table.o Source/nvic_table.c
arm-none-eabi-gcc -mthumb -mcpu=cortex-m4 -mfloat-abi=hard -mfpu=fpv4-sp-d16 -Wa,-mimplicit-it=thumb -O1 -fsingle-precision-constant -ffunction-sections -fdata-sections -MD -Wall -Wdouble-promotion -Wno-format -c -fno-isolate-erroneous-paths-dereference -DTARGET=32660 -DTARGET_REV=0x4131 -g3 -ggdb -DDEBUG -DMXC_ASSERT_ENABLE -DRO_FREQ=80000000 -IInclude -IC:/Maxim/Firmware/MAX32660/Libraries/CMSIS/Device/Maxim/MAX32660/Include -IC:/Maxim/Firmware/MAX32660/Libraries/CMSIS/Include -o /c/Users/spayr/Documents/eclipseworkspace/MAX32660/EEPROM_I2C/build/PeriphDriver/uart.o Source/uart.c
arm-none-eabi-gcc -mthumb -mcpu=cortex-m4 -mfloat-abi=hard -mfpu=fpv4-sp-d16 -Wa,-mimplicit-it=thumb -O1 -fsingle-precision-constant -ffunction-sections -fdata-sections -MD -Wall -Wdouble-promotion -Wno-format -c -fno-isolate-erroneous-paths-dereference -DTARGET=32660 -DTARGET_REV=0x4131 -g3 -ggdb -DDEBUG -DMXC_ASSERT_ENABLE -DRO_FREQ=80000000 -IInclude -IC:/Maxim/Firmware/MAX32660/Libraries/CMSIS/Device/Maxim/MAX32660/Include -IC:/Maxim/Firmware/MAX32660/Libraries/CMSIS/Include -o /c/Users/spayr/Documents/eclipseworkspace/MAX32660/EEPROM_I2C/build/PeriphDriver/gpio.o Source/gpio.c
arm-none-eabi-gcc -mthumb -mcpu=cortex-m4 -mfloat-abi=hard -mfpu=fpv4-sp-d16 -Wa,-mimplicit-it=thumb -O1 -fsingle-precision-constant -ffunction-sections -fdata-sections -MD -Wall -Wdouble-promotion -Wno-format -c -fno-isolate-erroneous-paths-dereference -DTARGET=32660 -DTARGET_REV=0x4131 -g3 -ggdb -DDEBUG -DMXC_ASSERT_ENABLE -DRO_FREQ=80000000 -IInclude -IC:/Maxim/Firmware/MAX32660/Libraries/CMSIS/Device/Maxim/MAX32660/Include -IC:/Maxim/Firmware/MAX32660/Libraries/CMSIS/Include -o /c/Users/spayr/Documents/eclipseworkspace/MAX32660/EEPROM_I2C/build/PeriphDriver/i2c.o Source/i2c.c
arm-none-eabi-gcc -mthumb -mcpu=cortex-m4 -mfloat-abi=hard -mfpu=fpv4-sp-d16 -Wa,-mimplicit-it=thumb -O1 -fsingle-precision-constant -ffunction-sections -fdata-sections -MD -Wall -Wdouble-promotion -Wno-format -c -fno-isolate-erroneous-paths-dereference -DTARGET=32660 -DTARGET_REV=0x4131 -g3 -ggdb -DDEBUG -DMXC_ASSERT_ENABLE -DRO_FREQ=80000000 -IInclude -IC:/Maxim/Firmware/MAX32660/Libraries/CMSIS/Device/Maxim/MAX32660/Include -IC:/Maxim/Firmware/MAX32660/Libraries/CMSIS/Include -o /c/Users/spayr/Documents/eclipseworkspace/MAX32660/EEPROM_I2C/build/PeriphDriver/icc.o Source/icc.c
arm-none-eabi-gcc -mthumb -mcpu=cortex-m4 -mfloat-abi=hard -mfpu=fpv4-sp-d16 -Wa,-mimplicit-it=thumb -O1 -fsingle-precision-constant -ffunction-sections -fdata-sections -MD -Wall -Wdouble-promotion -Wno-format -c -fno-isolate-erroneous-paths-dereference -DTARGET=32660 -DTARGET_REV=0x4131 -g3 -ggdb -DDEBUG -DMXC_ASSERT_ENABLE -DRO_FREQ=80000000 -IInclude -IC:/Maxim/Firmware/MAX32660/Libraries/CMSIS/Device/Maxim/MAX32660/Include -IC:/Maxim/Firmware/MAX32660/Libraries/CMSIS/Include -o /c/Users/spayr/Documents/eclipseworkspace/MAX32660/EEPROM_I2C/build/PeriphDriver/mxc_assert.o Source/mxc_assert.c
arm-none-eabi-gcc -mthumb -mcpu=cortex-m4 -mfloat-abi=hard -mfpu=fpv4-sp-d16 -Wa,-mimplicit-it=thumb -O1 -fsingle-precision-constant -ffunction-sections -fdata-sections -MD -Wall -Wdouble-promotion -Wno-format -c -fno-isolate-erroneous-paths-dereference -DTARGET=32660 -DTARGET_REV=0x4131 -g3 -ggdb -DDEBUG -DMXC_ASSERT_ENABLE -DRO_FREQ=80000000 -IInclude -IC:/Maxim/Firmware/MAX32660/Libraries/CMSIS/Device/Maxim/MAX32660/Include -IC:/Maxim/Firmware/MAX32660/Libraries/CMSIS/Include -o /c/Users/spayr/Documents/eclipseworkspace/MAX32660/EEPROM_I2C/build/PeriphDriver/mxc_delay.o Source/mxc_delay.c
arm-none-eabi-gcc -mthumb -mcpu=cortex-m4 -mfloat-abi=hard -mfpu=fpv4-sp-d16 -Wa,-mimplicit-it=thumb -O1 -fsingle-precision-constant -ffunction-sections -fdata-sections -MD -Wall -Wdouble-promotion -Wno-format -c -fno-isolate-erroneous-paths-dereference -DTARGET=32660 -DTARGET_REV=0x4131 -g3 -ggdb -DDEBUG -DMXC_ASSERT_ENABLE -DRO_FREQ=80000000 -IInclude -IC:/Maxim/Firmware/MAX32660/Libraries/CMSIS/Device/Maxim/MAX32660/Include -IC:/Maxim/Firmware/MAX32660/Libraries/CMSIS/Include -o /c/Users/spayr/Documents/eclipseworkspace/MAX32660/EEPROM_I2C/build/PeriphDriver/mxc_lock.o Source/mxc_lock.c
arm-none-eabi-gcc -mthumb -mcpu=cortex-m4 -mfloat-abi=hard -mfpu=fpv4-sp-d16 -Wa,-mimplicit-it=thumb -O1 -fsingle-precision-constant -ffunction-sections -fdata-sections -MD -Wall -Wdouble-promotion -Wno-format -c -fno-isolate-erroneous-paths-dereference -DTARGET=32660 -DTARGET_REV=0x4131 -g3 -ggdb -DDEBUG -DMXC_ASSERT_ENABLE -DRO_FREQ=80000000 -IInclude -IC:/Maxim/Firmware/MAX32660/Libraries/CMSIS/Device/Maxim/MAX32660/Include -IC:/Maxim/Firmware/MAX32660/Libraries/CMSIS/Include -o /c/Users/spayr/Documents/eclipseworkspace/MAX32660/EEPROM_I2C/build/PeriphDriver/mxc_sys.o Source/mxc_sys.c
arm-none-eabi-gcc -mthumb -mcpu=cortex-m4 -mfloat-abi=hard -mfpu=fpv4-sp-d16 -Wa,-mimplicit-it=thumb -O1 -fsingle-precision-constant -ffunction-sections -fdata-sections -MD -Wall -Wdouble-promotion -Wno-format -c -fno-isolate-erroneous-paths-dereference -DTARGET=32660 -DTARGET_REV=0x4131 -g3 -ggdb -DDEBUG -DMXC_ASSERT_ENABLE -DRO_FREQ=80000000 -IInclude -IC:/Maxim/Firmware/MAX32660/Libraries/CMSIS/Device/Maxim/MAX32660/Include -IC:/Maxim/Firmware/MAX32660/Libraries/CMSIS/Include -o /c/Users/spayr/Documents/eclipseworkspace/MAX32660/EEPROM_I2C/build/PeriphDriver/mxc_pins.o Source/mxc_pins.c
arm-none-eabi-gcc -mthumb -mcpu=cortex-m4 -mfloat-abi=hard -mfpu=fpv4-sp-d16 -Wa,-mimplicit-it=thumb -O1 -fsingle-precision-constant -ffunction-sections -fdata-sections -MD -Wall -Wdouble-promotion -Wno-format -c -fno-isolate-erroneous-paths-dereference -DTARGET=32660 -DTARGET_REV=0x4131 -g3 -ggdb -DDEBUG -DMXC_ASSERT_ENABLE -DRO_FREQ=80000000 -IInclude -IC:/Maxim/Firmware/MAX32660/Libraries/CMSIS/Device/Maxim/MAX32660/Include -IC:/Maxim/Firmware/MAX32660/Libraries/CMSIS/Include -o /c/Users/spayr/Documents/eclipseworkspace/MAX32660/EEPROM_I2C/build/PeriphDriver/rtc.o Source/rtc.c
arm-none-eabi-gcc -mthumb -mcpu=cortex-m4 -mfloat-abi=hard -mfpu=fpv4-sp-d16 -Wa,-mimplicit-it=thumb -O1 -fsingle-precision-constant -ffunction-sections -fdata-sections -MD -Wall -Wdouble-promotion -Wno-format -c -fno-isolate-erroneous-paths-dereference -DTARGET=32660 -DTARGET_REV=0x4131 -g3 -ggdb -DDEBUG -DMXC_ASSERT_ENABLE -DRO_FREQ=80000000 -IInclude -IC:/Maxim/Firmware/MAX32660/Libraries/CMSIS/Device/Maxim/MAX32660/Include -IC:/Maxim/Firmware/MAX32660/Libraries/CMSIS/Include -o /c/Users/spayr/Documents/eclipseworkspace/MAX32660/EEPROM_I2C/build/PeriphDriver/tmr.o Source/tmr.c
arm-none-eabi-gcc -mthumb -mcpu=cortex-m4 -mfloat-abi=hard -mfpu=fpv4-sp-d16 -Wa,-mimplicit-it=thumb -O1 -fsingle-precision-constant -ffunction-sections -fdata-sections -MD -Wall -Wdouble-promotion -Wno-format -c -fno-isolate-erroneous-paths-dereference -DTARGET=32660 -DTARGET_REV=0x4131 -g3 -ggdb -DDEBUG -DMXC_ASSERT_ENABLE -DRO_FREQ=80000000 -IInclude -IC:/Maxim/Firmware/MAX32660/Libraries/CMSIS/Device/Maxim/MAX32660/Include -IC:/Maxim/Firmware/MAX32660/Libraries/CMSIS/Include -o /c/Users/spayr/Documents/eclipseworkspace/MAX32660/EEPROM_I2C/build/PeriphDriver/tmr_utils.o Source/tmr_utils.c
arm-none-eabi-gcc -mthumb -mcpu=cortex-m4 -mfloat-abi=hard -mfpu=fpv4-sp-d16 -Wa,-mimplicit-it=thumb -O1 -fsingle-precision-constant -ffunction-sections -fdata-sections -MD -Wall -Wdouble-promotion -Wno-format -c -fno-isolate-erroneous-paths-dereference -DTARGET=32660 -DTARGET_REV=0x4131 -g3 -ggdb -DDEBUG -DMXC_ASSERT_ENABLE -DRO_FREQ=80000000 -IInclude -IC:/Maxim/Firmware/MAX32660/Libraries/CMSIS/Device/Maxim/MAX32660/Include -IC:/Maxim/Firmware/MAX32660/Libraries/CMSIS/Include -o /c/Users/spayr/Documents/eclipseworkspace/MAX32660/EEPROM_I2C/build/PeriphDriver/wdt.o Source/wdt.c
arm-none-eabi-gcc -mthumb -mcpu=cortex-m4 -mfloat-abi=hard -mfpu=fpv4-sp-d16 -Wa,-mimplicit-it=thumb -O1 -fsingle-precision-constant -ffunction-sections -fdata-sections -MD -Wall -Wdouble-promotion -Wno-format -c -fno-isolate-erroneous-paths-dereference -DTARGET=32660 -DTARGET_REV=0x4131 -g3 -ggdb -DDEBUG -DMXC_ASSERT_ENABLE -DRO_FREQ=80000000 -IInclude -IC:/Maxim/Firmware/MAX32660/Libraries/CMSIS/Device/Maxim/MAX32660/Include -IC:/Maxim/Firmware/MAX32660/Libraries/CMSIS/Include -o /c/Users/spayr/Documents/eclipseworkspace/MAX32660/EEPROM_I2C/build/PeriphDriver/flc.o Source/flc.c
arm-none-eabi-gcc -mthumb -mcpu=cortex-m4 -mfloat-abi=hard -mfpu=fpv4-sp-d16 -Wa,-mimplicit-it=thumb -O1 -fsingle-precision-constant -ffunction-sections -fdata-sections -MD -Wall -Wdouble-promotion -Wno-format -c -fno-isolate-erroneous-paths-dereference -DTARGET=32660 -DTARGET_REV=0x4131 -g3 -ggdb -DDEBUG -DMXC_ASSERT_ENABLE -DRO_FREQ=80000000 -IInclude -IC:/Maxim/Firmware/MAX32660/Libraries/CMSIS/Device/Maxim/MAX32660/Include -IC:/Maxim/Firmware/MAX32660/Libraries/CMSIS/Include -o /c/Users/spayr/Documents/eclipseworkspace/MAX32660/EEPROM_I2C/build/PeriphDriver/dma.o Source/dma.c
arm-none-eabi-gcc -mthumb -mcpu=cortex-m4 -mfloat-abi=hard -mfpu=fpv4-sp-d16 -Wa,-mimplicit-it=thumb -O1 -fsingle-precision-constant -ffunction-sections -fdata-sections -MD -Wall -Wdouble-promotion -Wno-format -c -fno-isolate-erroneous-paths-dereference -DTARGET=32660 -DTARGET_REV=0x4131 -g3 -ggdb -DDEBUG -DMXC_ASSERT_ENABLE -DRO_FREQ=80000000 -IInclude -IC:/Maxim/Firmware/MAX32660/Libraries/CMSIS/Device/Maxim/MAX32660/Include -IC:/Maxim/Firmware/MAX32660/Libraries/CMSIS/Include -o /c/Users/spayr/Documents/eclipseworkspace/MAX32660/EEPROM_I2C/build/PeriphDriver/i2s.o Source/i2s.c
arm-none-eabi-gcc -mthumb -mcpu=cortex-m4 -mfloat-abi=hard -mfpu=fpv4-sp-d16 -Wa,-mimplicit-it=thumb -O1 -fsingle-precision-constant -ffunction-sections -fdata-sections -MD -Wall -Wdouble-promotion -Wno-format -c -fno-isolate-erroneous-paths-dereference -DTARGET=32660 -DTARGET_REV=0x4131 -g3 -ggdb -DDEBUG -DMXC_ASSERT_ENABLE -DRO_FREQ=80000000 -IInclude -IC:/Maxim/Firmware/MAX32660/Libraries/CMSIS/Device/Maxim/MAX32660/Include -IC:/Maxim/Firmware/MAX32660/Libraries/CMSIS/Include -o /c/Users/spayr/Documents/eclipseworkspace/MAX32660/EEPROM_I2C/build/PeriphDriver/spi17y.o Source/spi17y.c
arm-none-eabi-gcc -mthumb -mcpu=cortex-m4 -mfloat-abi=hard -mfpu=fpv4-sp-d16 -Wa,-mimplicit-it=thumb -O1 -fsingle-precision-constant -ffunction-sections -fdata-sections -MD -Wall -Wdouble-promotion -Wno-format -c -fno-isolate-erroneous-paths-dereference -DTARGET=32660 -DTARGET_REV=0x4131 -g3 -ggdb -DDEBUG -DMXC_ASSERT_ENABLE -DRO_FREQ=80000000 -IInclude -IC:/Maxim/Firmware/MAX32660/Libraries/CMSIS/Device/Maxim/MAX32660/Include -IC:/Maxim/Firmware/MAX32660/Libraries/CMSIS/Include -o /c/Users/spayr/Documents/eclipseworkspace/MAX32660/EEPROM_I2C/build/PeriphDriver/spimss.o Source/spimss.c
arm-none-eabi-gcc -mthumb -mcpu=cortex-m4 -mfloat-abi=hard -mfpu=fpv4-sp-d16 -Wa,-mimplicit-it=thumb -O1 -fsingle-precision-constant -ffunction-sections -fdata-sections -MD -Wall -Wdouble-promotion -Wno-format -c -fno-isolate-erroneous-paths-dereference -DTARGET=32660 -DTARGET_REV=0x4131 -g3 -ggdb -DDEBUG -DMXC_ASSERT_ENABLE -DRO_FREQ=80000000 -IInclude -IC:/Maxim/Firmware/MAX32660/Libraries/CMSIS/Device/Maxim/MAX32660/Include -IC:/Maxim/Firmware/MAX32660/Libraries/CMSIS/Include -o /c/Users/spayr/Documents/eclipseworkspace/MAX32660/EEPROM_I2C/build/PeriphDriver/spi.o Source/spi.c
arm-none-eabi-gcc -mthumb -mcpu=cortex-m4 -mfloat-abi=hard -mfpu=fpv4-sp-d16 -Wa,-mimplicit-it=thumb -O1 -fsingle-precision-constant -ffunction-sections -fdata-sections -MD -Wall -Wdouble-promotion -Wno-format -c -fno-isolate-erroneous-paths-dereference -DTARGET=32660 -DTARGET_REV=0x4131 -g3 -ggdb -DDEBUG -DMXC_ASSERT_ENABLE -DRO_FREQ=80000000 -IInclude -IC:/Maxim/Firmware/MAX32660/Libraries/CMSIS/Device/Maxim/MAX32660/Include -IC:/Maxim/Firmware/MAX32660/Libraries/CMSIS/Include -o /c/Users/spayr/Documents/eclipseworkspace/MAX32660/EEPROM_I2C/build/PeriphDriver/lp.o Source/lp.c
  AR    /c/Users/spayr/Documents/eclipseworkspace/MAX32660/EEPROM_I2C/build/PeriphDriver/PeriphDriver.a
make[1]: Leaving directory `/C/Maxim/Firmware/MAX32660/Libraries/MAX32660PeriphDriver'
arm-none-eabi-gcc -mthumb -mcpu=cortex-m4 -mfloat-abi=hard -mfpu=fpv4-sp-d16 -Wa,-mimplicit-it=thumb -O1 -fsingle-precision-constant -ffunction-sections -fdata-sections -MD -Wall -Wdouble-promotion -Wno-format -c -fno-isolate-erroneous-paths-dereference -DTARGET=32660 -DTARGET_REV=0x4131 -g3 -ggdb -DDEBUG -DMXC_ASSERT_ENABLE -DRO_FREQ=80000000 -I. -IC:/Maxim/Firmware/MAX32660/Libraries/Boards/EvKit_V1/Include -IC:/Maxim/Firmware/MAX32660/Libraries/Boards/EvKit_V1/../Include -IC:/Maxim/Firmware/MAX32660/Libraries/MAX32660PeriphDriver/Include -IC:/Maxim/Firmware/MAX32660/Libraries/CMSIS/Device/Maxim/MAX32660/Include -IC:/Maxim/Firmware/MAX32660/Libraries/CMSIS/Include -o /c/Users/spayr/Documents/eclipseworkspace/MAX32660/EEPROM_I2C/build/main.o main.c
main.c: In function 'main':
main.c:95:20: warning: passing argument 1 of 'I2C_ByteWrite' from incompatible pointer type [-Wincompatible-pointer-types]
  r = I2C_ByteWrite(&addressBuffer,0x5B,sizeof(addressBuffer));
                    ^
In file included from main.c:52:0:
eeprom_i2c.h:19:5: note: expected 'uint8_t * {aka unsigned char *}' but argument is of type 'uint8_t (*)[2] {aka unsigned char (*)[2]}'
 int I2C_ByteWrite(uint8_t *dataAddress, uint8_t dataByte, uint8_t addlen);
     ^~~~~~~~~~~~~
main.c:98:26: warning: passing argument 1 of 'I2C_ByteRead' from incompatible pointer type [-Wincompatible-pointer-types]
  int read = I2C_ByteRead(&addressBuffer,&readByte,sizeof(addressBuffer));
                          ^
In file included from main.c:52:0:
eeprom_i2c.h:20:9: note: expected 'uint8_t * {aka unsigned char *}' but argument is of type 'uint8_t (*)[2] {aka unsigned char (*)[2]}'
 uint8_t I2C_ByteRead(uint8_t *dataAddress, uint8_t dataByte,uint8_t addlen);
         ^~~~~~~~~~~~
main.c:98:41: warning: passing argument 2 of 'I2C_ByteRead' makes integer from pointer without a cast [-Wint-conversion]
  int read = I2C_ByteRead(&addressBuffer,&readByte,sizeof(addressBuffer));
                                         ^
In file included from main.c:52:0:
eeprom_i2c.h:20:9: note: expected 'uint8_t {aka unsigned char}' but argument is of type 'uint8_t * {aka unsigned char *}'
 uint8_t I2C_ByteRead(uint8_t *dataAddress, uint8_t dataByte,uint8_t addlen);
         ^~~~~~~~~~~~
main.c:102:22: warning: passing argument 1 of 'I2C_BufferWrite' from incompatible pointer type [-Wincompatible-pointer-types]
  r = I2C_BufferWrite(&addressBuffer,&sourceData,sizeof(addressBuffer),4);
                      ^
In file included from main.c:52:0:
eeprom_i2c.h:21:5: note: expected 'uint8_t * {aka unsigned char *}' but argument is of type 'uint8_t (*)[2] {aka unsigned char (*)[2]}'
 int I2C_BufferWrite(uint8_t *dataAddress, uint8_t *dataBuffer,  uint8_t addlen, uint8_t buflen);
     ^~~~~~~~~~~~~~~
main.c:102:37: warning: passing argument 2 of 'I2C_BufferWrite' from incompatible pointer type [-Wincompatible-pointer-types]
  r = I2C_BufferWrite(&addressBuffer,&sourceData,sizeof(addressBuffer),4);
                                     ^
In file included from main.c:52:0:
eeprom_i2c.h:21:5: note: expected 'uint8_t * {aka unsigned char *}' but argument is of type 'uint8_t (*)[16] {aka unsigned char (*)[16]}'
 int I2C_BufferWrite(uint8_t *dataAddress, uint8_t *dataBuffer,  uint8_t addlen, uint8_t buflen);
     ^~~~~~~~~~~~~~~
main.c:105:17: warning: passing argument 1 of 'I2C_BufferRead' from incompatible pointer type [-Wincompatible-pointer-types]
  I2C_BufferRead(&addressBuffer,&readBuffer,sizeof(addressBuffer),4);
                 ^
In file included from main.c:52:0:
eeprom_i2c.h:22:6: note: expected 'uint8_t * {aka unsigned char *}' but argument is of type 'uint8_t (*)[2] {aka unsigned char (*)[2]}'
 void I2C_BufferRead(uint8_t *dataAddress, uint8_t *dataBuffer,  uint8_t addlen, uint8_t buflen);
      ^~~~~~~~~~~~~~
main.c:105:32: warning: passing argument 2 of 'I2C_BufferRead' from incompatible pointer type [-Wincompatible-pointer-types]
  I2C_BufferRead(&addressBuffer,&readBuffer,sizeof(addressBuffer),4);
                                ^
In file included from main.c:52:0:
eeprom_i2c.h:22:6: note: expected 'uint8_t * {aka unsigned char *}' but argument is of type 'uint8_t (*)[16] {aka unsigned char (*)[16]}'
 void I2C_BufferRead(uint8_t *dataAddress, uint8_t *dataBuffer,  uint8_t addlen, uint8_t buflen);
      ^~~~~~~~~~~~~~
main.c:91:6: warning: variable 'r' set but not used [-Wunused-but-set-variable]
  int r = 0;
      ^
main.c:75:16: warning: unused variable 'i' [-Wunused-variable]
     int error, i = 0;
                ^
arm-none-eabi-gcc -mthumb -mcpu=cortex-m4 -mfloat-abi=hard -mfpu=fpv4-sp-d16 -Wa,-mimplicit-it=thumb -O1 -fsingle-precision-constant -ffunction-sections -fdata-sections -MD -Wall -Wdouble-promotion -Wno-format -c -fno-isolate-erroneous-paths-dereference -DTARGET=32660 -DTARGET_REV=0x4131 -g3 -ggdb -DDEBUG -DMXC_ASSERT_ENABLE -DRO_FREQ=80000000 -I. -IC:/Maxim/Firmware/MAX32660/Libraries/Boards/EvKit_V1/Include -IC:/Maxim/Firmware/MAX32660/Libraries/Boards/EvKit_V1/../Include -IC:/Maxim/Firmware/MAX32660/Libraries/MAX32660PeriphDriver/Include -IC:/Maxim/Firmware/MAX32660/Libraries/CMSIS/Device/Maxim/MAX32660/Include -IC:/Maxim/Firmware/MAX32660/Libraries/CMSIS/Include -o /c/Users/spayr/Documents/eclipseworkspace/MAX32660/EEPROM_I2C/build/board.o /C/Maxim/Firmware/MAX32660/Libraries/Boards/EvKit_V1/Source/board.c
arm-none-eabi-gcc -mthumb -mcpu=cortex-m4 -mfloat-abi=hard -mfpu=fpv4-sp-d16 -Wa,-mimplicit-it=thumb -O1 -fsingle-precision-constant -ffunction-sections -fdata-sections -MD -Wall -Wdouble-promotion -Wno-format -c -fno-isolate-erroneous-paths-dereference -DTARGET=32660 -DTARGET_REV=0x4131 -g3 -ggdb -DDEBUG -DMXC_ASSERT_ENABLE -DRO_FREQ=80000000 -I. -IC:/Maxim/Firmware/MAX32660/Libraries/Boards/EvKit_V1/Include -IC:/Maxim/Firmware/MAX32660/Libraries/Boards/EvKit_V1/../Include -IC:/Maxim/Firmware/MAX32660/Libraries/MAX32660PeriphDriver/Include -IC:/Maxim/Firmware/MAX32660/Libraries/CMSIS/Device/Maxim/MAX32660/Include -IC:/Maxim/Firmware/MAX32660/Libraries/CMSIS/Include -o /c/Users/spayr/Documents/eclipseworkspace/MAX32660/EEPROM_I2C/build/stdio.o /C/Maxim/Firmware/MAX32660/Libraries/Boards/EvKit_V1/../Source/stdio.c
arm-none-eabi-gcc -mthumb -mcpu=cortex-m4 -mfloat-abi=hard -mfpu=fpv4-sp-d16 -Wa,-mimplicit-it=thumb -O1 -fsingle-precision-constant -ffunction-sections -fdata-sections -MD -Wall -Wdouble-promotion -Wno-format -c -fno-isolate-erroneous-paths-dereference -DTARGET=32660 -DTARGET_REV=0x4131 -g3 -ggdb -DDEBUG -DMXC_ASSERT_ENABLE -DRO_FREQ=80000000 -I. -IC:/Maxim/Firmware/MAX32660/Libraries/Boards/EvKit_V1/Include -IC:/Maxim/Firmware/MAX32660/Libraries/Boards/EvKit_V1/../Include -IC:/Maxim/Firmware/MAX32660/Libraries/MAX32660PeriphDriver/Include -IC:/Maxim/Firmware/MAX32660/Libraries/CMSIS/Device/Maxim/MAX32660/Include -IC:/Maxim/Firmware/MAX32660/Libraries/CMSIS/Include -o /c/Users/spayr/Documents/eclipseworkspace/MAX32660/EEPROM_I2C/build/led.o /C/Maxim/Firmware/MAX32660/Libraries/Boards/EvKit_V1/../Source/led.c
arm-none-eabi-gcc -mthumb -mcpu=cortex-m4 -mfloat-abi=hard -mfpu=fpv4-sp-d16 -Wa,-mimplicit-it=thumb -O1 -fsingle-precision-constant -ffunction-sections -fdata-sections -MD -Wall -Wdouble-promotion -Wno-format -c -fno-isolate-erroneous-paths-dereference -DTARGET=32660 -DTARGET_REV=0x4131 -g3 -ggdb -DDEBUG -DMXC_ASSERT_ENABLE -DRO_FREQ=80000000 -I. -IC:/Maxim/Firmware/MAX32660/Libraries/Boards/EvKit_V1/Include -IC:/Maxim/Firmware/MAX32660/Libraries/Boards/EvKit_V1/../Include -IC:/Maxim/Firmware/MAX32660/Libraries/MAX32660PeriphDriver/Include -IC:/Maxim/Firmware/MAX32660/Libraries/CMSIS/Device/Maxim/MAX32660/Include -IC:/Maxim/Firmware/MAX32660/Libraries/CMSIS/Include -o /c/Users/spayr/Documents/eclipseworkspace/MAX32660/EEPROM_I2C/build/pb.o /C/Maxim/Firmware/MAX32660/Libraries/Boards/EvKit_V1/../Source/pb.c
arm-none-eabi-gcc -mthumb -mcpu=cortex-m4 -mfloat-abi=hard -mfpu=fpv4-sp-d16 -Wa,-mimplicit-it=thumb -O1 -fsingle-precision-constant -ffunction-sections -fdata-sections -MD -Wall -Wdouble-promotion -Wno-format -c -fno-isolate-erroneous-paths-dereference -DTARGET=32660 -DTARGET_REV=0x4131 -g3 -ggdb -DDEBUG -DMXC_ASSERT_ENABLE -DRO_FREQ=80000000 -I. -IC:/Maxim/Firmware/MAX32660/Libraries/Boards/EvKit_V1/Include -IC:/Maxim/Firmware/MAX32660/Libraries/Boards/EvKit_V1/../Include -IC:/Maxim/Firmware/MAX32660/Libraries/MAX32660PeriphDriver/Include -IC:/Maxim/Firmware/MAX32660/Libraries/CMSIS/Device/Maxim/MAX32660/Include -IC:/Maxim/Firmware/MAX32660/Libraries/CMSIS/Include -o /c/Users/spayr/Documents/eclipseworkspace/MAX32660/EEPROM_I2C/build/rom_stub.o /C/Maxim/Firmware/MAX32660/Libraries/Boards/EvKit_V1/Source/rom_stub.c
  AS    /C/Maxim/Firmware/MAX32660/Libraries/CMSIS/Device/Maxim/MAX32660/Source/GCC/startup_max32660.S
arm-none-eabi-gcc -mthumb -mcpu=cortex-m4 -mfloat-abi=hard -mfpu=fpv4-sp-d16 -Wa,-mimplicit-it=thumb -O1 -fsingle-precision-constant -ffunction-sections -fdata-sections -MD -Wall -Wdouble-promotion -Wno-format -c -fno-isolate-erroneous-paths-dereference -DTARGET=32660 -DTARGET_REV=0x4131 -g3 -ggdb -DDEBUG -DMXC_ASSERT_ENABLE -DRO_FREQ=80000000 -I. -IC:/Maxim/Firmware/MAX32660/Libraries/Boards/EvKit_V1/Include -IC:/Maxim/Firmware/MAX32660/Libraries/Boards/EvKit_V1/../Include -IC:/Maxim/Firmware/MAX32660/Libraries/MAX32660PeriphDriver/Include -IC:/Maxim/Firmware/MAX32660/Libraries/CMSIS/Device/Maxim/MAX32660/Include -IC:/Maxim/Firmware/MAX32660/Libraries/CMSIS/Include -o /c/Users/spayr/Documents/eclipseworkspace/MAX32660/EEPROM_I2C/build/heap.o /C/Maxim/Firmware/MAX32660/Libraries/CMSIS/Device/Maxim/MAX32660/Source/heap.c
arm-none-eabi-gcc -mthumb -mcpu=cortex-m4 -mfloat-abi=hard -mfpu=fpv4-sp-d16 -Wa,-mimplicit-it=thumb -O1 -fsingle-precision-constant -ffunction-sections -fdata-sections -MD -Wall -Wdouble-promotion -Wno-format -c -fno-isolate-erroneous-paths-dereference -DTARGET=32660 -DTARGET_REV=0x4131 -g3 -ggdb -DDEBUG -DMXC_ASSERT_ENABLE -DRO_FREQ=80000000 -I. -IC:/Maxim/Firmware/MAX32660/Libraries/Boards/EvKit_V1/Include -IC:/Maxim/Firmware/MAX32660/Libraries/Boards/EvKit_V1/../Include -IC:/Maxim/Firmware/MAX32660/Libraries/MAX32660PeriphDriver/Include -IC:/Maxim/Firmware/MAX32660/Libraries/CMSIS/Device/Maxim/MAX32660/Include -IC:/Maxim/Firmware/MAX32660/Libraries/CMSIS/Include -o /c/Users/spayr/Documents/eclipseworkspace/MAX32660/EEPROM_I2C/build/system_max32660.o /C/Maxim/Firmware/MAX32660/Libraries/CMSIS/Device/Maxim/MAX32660/Source/system_max32660.c
  LD    /c/Users/spayr/Documents/eclipseworkspace/MAX32660/EEPROM_I2C/build/EEPROM_I2C.elf 
c:/Users/spayr/Documents/eclipseworkspace/MAX32660/EEPROM_I2C/build/main.o: In function `main':
C:\Users\spayr\Documents\eclipseworkspace\MAX32660\EEPROM_I2C/main.c:95: undefined reference to `I2C_ByteWrite'
C:\Users\spayr\Documents\eclipseworkspace\MAX32660\EEPROM_I2C/main.c:98: undefined reference to `I2C_ByteRead'
C:\Users\spayr\Documents\eclipseworkspace\MAX32660\EEPROM_I2C/main.c:102: undefined reference to `I2C_BufferWrite'
C:\Users\spayr\Documents\eclipseworkspace\MAX32660\EEPROM_I2C/main.c:105: undefined reference to `I2C_BufferRead'
collect2.exe: error: ld returned 1 exit status
make: *** [/c/Users/spayr/Documents/eclipseworkspace/MAX32660/EEPROM_I2C/build/EEPROM_I2C.elf] Error 1

16:39:47 Build Finished (took 23s.698ms)

