19:04:50 **** Incremental Build of configuration Debug for project I2C_Memory ****
make ECLIPSE=1 all 
make -C /C/Maxim/Firmware/MAX32660/Libraries/MAX32660PeriphDriver lib BUILD_DIR=/c/Users/spayr/Documents/eclipseworkspace/MAX32660/I2C_Memory/build/PeriphDriver
make[1]: Entering directory `/C/Maxim/Firmware/MAX32660/Libraries/MAX32660PeriphDriver'
make[1]: Leaving directory `/C/Maxim/Firmware/MAX32660/Libraries/MAX32660PeriphDriver'
19:07:00 **** Incremental Build of configuration Debug for project I2C_Memory ****
make ECLIPSE=1 all 
make -C /C/Maxim/Firmware/MAX32660/Libraries/MAX32660PeriphDriver lib BUILD_DIR=/c/Users/spayr/Documents/eclipseworkspace/MAX32660/I2C_Memory/build/PeriphDriver
make[1]: Entering directory `/C/Maxim/Firmware/MAX32660/Libraries/MAX32660PeriphDriver'
make[1]: Leaving directory `/C/Maxim/Firmware/MAX32660/Libraries/MAX32660PeriphDriver'
17:02:53 **** Incremental Build of configuration Debug for project I2C_Memory ****
make ECLIPSE=1 all 
make -C /C/Maxim/Firmware/MAX32660/Libraries/MAX32660PeriphDriver lib BUILD_DIR=/c/Users/spayr/Documents/eclipseworkspace/MAX32660/I2C_Memory/build/PeriphDriver
make[1]: Entering directory `/C/Maxim/Firmware/MAX32660/Libraries/MAX32660PeriphDriver'
make[1]: Leaving directory `/C/Maxim/Firmware/MAX32660/Libraries/MAX32660PeriphDriver'
17:04:53 **** Incremental Build of configuration Debug for project I2C_Memory ****
make ECLIPSE=1 all 
make -C /C/Maxim/Firmware/MAX32660/Libraries/MAX32660PeriphDriver lib BUILD_DIR=/c/Users/spayr/Documents/eclipseworkspace/MAX32660/I2C_Memory/build/PeriphDriver
make[1]: Entering directory `/C/Maxim/Firmware/MAX32660/Libraries/MAX32660PeriphDriver'
make[1]: Leaving directory `/C/Maxim/Firmware/MAX32660/Libraries/MAX32660PeriphDriver'
17:07:28 **** Incremental Build of configuration Debug for project I2C_Memory ****
make ECLIPSE=1 all 
make -C /C/Maxim/Firmware/MAX32660/Libraries/MAX32660PeriphDriver lib BUILD_DIR=/c/Users/spayr/Documents/eclipseworkspace/MAX32660/I2C_Memory/build/PeriphDriver
make[1]: Entering directory `/C/Maxim/Firmware/MAX32660/Libraries/MAX32660PeriphDriver'
make[1]: Leaving directory `/C/Maxim/Firmware/MAX32660/Libraries/MAX32660PeriphDriver'
arm-none-eabi-gcc -mthumb -mcpu=cortex-m4 -mfloat-abi=hard -mfpu=fpv4-sp-d16 -Wa,-mimplicit-it=thumb -O1 -fsingle-precision-constant -ffunction-sections -fdata-sections -MD -Wall -Wdouble-promotion -Wno-format -c -fno-isolate-erroneous-paths-dereference -DTARGET=32660 -DTARGET_REV=0x4131 -g3 -ggdb -DDEBUG -DMXC_ASSERT_ENABLE -DRO_FREQ=80000000 -I. -IC:/Maxim/Firmware/MAX32660/Libraries/Boards/EvKit_V1/Include -IC:/Maxim/Firmware/MAX32660/Libraries/Boards/EvKit_V1/../Include -IC:/Maxim/Firmware/MAX32660/Libraries/MAX32660PeriphDriver/Include -IC:/Maxim/Firmware/MAX32660/Libraries/CMSIS/Device/Maxim/MAX32660/Include -IC:/Maxim/Firmware/MAX32660/Libraries/CMSIS/Include -o /c/Users/spayr/Documents/eclipseworkspace/MAX32660/I2C_Memory/build/main.o main.c
main.c: In function 'writeread':
main.c:92:51: warning: passing argument 3 of 'I2C_MasterWrite' makes pointer from integer without a cast [-Wint-conversion]
  if((rc = I2C_MasterWrite(MXC_I2C0, I2C_MEM_ADDR, reg, sizeof(reg), 1)) != 247) { // with restart
                                                   ^~~
In file included from main.c:51:0:
c:/Maxim/Firmware/MAX32660/Libraries/MAX32660PeriphDriver/Include/i2c.h:150:5: note: expected 'const uint8_t * {aka const unsigned char *}' but argument is of type 'uint8_t {aka unsigned char}'
 int I2C_MasterWrite(mxc_i2c_regs_t *i2c, uint8_t addr, const uint8_t* data, int len, int restart);
     ^~~~~~~~~~~~~~~
main.c:98:52: warning: passing argument 3 of 'I2C_MasterRead' makes pointer from integer without a cast [-Wint-conversion]
  if((rc = I2C_MasterRead(MXC_I2C0, memory_address, data, size, 0)) != 247) { // with a stop
                                                    ^~~~
In file included from main.c:51:0:
c:/Maxim/Firmware/MAX32660/Libraries/MAX32660PeriphDriver/Include/i2c.h:166:5: note: expected 'uint8_t * {aka unsigned char *}' but argument is of type 'uint8_t {aka unsigned char}'
 int I2C_MasterRead(mxc_i2c_regs_t *i2c, uint8_t addr, uint8_t* data, int len, int restart);
     ^~~~~~~~~~~~~~
main.c: In function 'main':
main.c:126:12: warning: passing argument 1 of 'printf' makes pointer from integer without a cast [-Wint-conversion]
     printf(sizeof(memregister));
            ^~~~~~
In file included from c:\maxim\toolchain\arm-none-eabi\include\stdio.h:29:0,
                 from main.c:47:
c:\maxim\toolchain\arm-none-eabi\include\stdio.h:200:5: note: expected 'const char * restrict' but argument is of type 'unsigned int'
 int _EXFUN(printf, (const char *__restrict, ...)
     ^
main.c:130:12: warning: passing argument 1 of 'printf' makes pointer from integer without a cast [-Wint-conversion]
     printf(memread);
            ^~~~~~~
In file included from c:\maxim\toolchain\arm-none-eabi\include\stdio.h:29:0,
                 from main.c:47:
c:\maxim\toolchain\arm-none-eabi\include\stdio.h:200:5: note: expected 'const char * restrict' but argument is of type 'uint8_t {aka unsigned char}'
 int _EXFUN(printf, (const char *__restrict, ...)
     ^
At top level:
main.c:66:16: warning: 'rxdata' defined but not used [-Wunused-variable]
 static uint8_t rxdata[4];
                ^~~~~~
  LD    /c/Users/spayr/Documents/eclipseworkspace/MAX32660/I2C_Memory/build/I2C_Memory.elf 
17:18:11 **** Incremental Build of configuration Debug for project I2C_Memory ****
make ECLIPSE=1 all 
make -C /C/Maxim/Firmware/MAX32660/Libraries/MAX32660PeriphDriver lib BUILD_DIR=/c/Users/spayr/Documents/eclipseworkspace/MAX32660/I2C_Memory/build/PeriphDriver
make[1]: Entering directory `/C/Maxim/Firmware/MAX32660/Libraries/MAX32660PeriphDriver'
make[1]: Leaving directory `/C/Maxim/Firmware/MAX32660/Libraries/MAX32660PeriphDriver'
arm-none-eabi-gcc -mthumb -mcpu=cortex-m4 -mfloat-abi=hard -mfpu=fpv4-sp-d16 -Wa,-mimplicit-it=thumb -O1 -fsingle-precision-constant -ffunction-sections -fdata-sections -MD -Wall -Wdouble-promotion -Wno-format -c -fno-isolate-erroneous-paths-dereference -DTARGET=32660 -DTARGET_REV=0x4131 -g3 -ggdb -DDEBUG -DMXC_ASSERT_ENABLE -DRO_FREQ=80000000 -I. -IC:/Maxim/Firmware/MAX32660/Libraries/Boards/EvKit_V1/Include -IC:/Maxim/Firmware/MAX32660/Libraries/Boards/EvKit_V1/../Include -IC:/Maxim/Firmware/MAX32660/Libraries/MAX32660PeriphDriver/Include -IC:/Maxim/Firmware/MAX32660/Libraries/CMSIS/Device/Maxim/MAX32660/Include -IC:/Maxim/Firmware/MAX32660/Libraries/CMSIS/Include -o /c/Users/spayr/Documents/eclipseworkspace/MAX32660/I2C_Memory/build/main.o main.c
main.c: In function 'writeread':
main.c:92:51: warning: passing argument 3 of 'I2C_MasterWrite' makes pointer from integer without a cast [-Wint-conversion]
  if((rc = I2C_MasterWrite(MXC_I2C0, I2C_MEM_ADDR, reg, sizeof(reg), 1)) != 247) { // with restart
                                                   ^~~
In file included from main.c:51:0:
c:/Maxim/Firmware/MAX32660/Libraries/MAX32660PeriphDriver/Include/i2c.h:150:5: note: expected 'const uint8_t * {aka const unsigned char *}' but argument is of type 'uint8_t {aka unsigned char}'
 int I2C_MasterWrite(mxc_i2c_regs_t *i2c, uint8_t addr, const uint8_t* data, int len, int restart);
     ^~~~~~~~~~~~~~~
main.c:98:52: warning: passing argument 3 of 'I2C_MasterRead' makes pointer from integer without a cast [-Wint-conversion]
  if((rc = I2C_MasterRead(MXC_I2C0, memory_address, data, size, 0)) != 247) { // with a stop
                                                    ^~~~
In file included from main.c:51:0:
c:/Maxim/Firmware/MAX32660/Libraries/MAX32660PeriphDriver/Include/i2c.h:166:5: note: expected 'uint8_t * {aka unsigned char *}' but argument is of type 'uint8_t {aka unsigned char}'
 int I2C_MasterRead(mxc_i2c_regs_t *i2c, uint8_t addr, uint8_t* data, int len, int restart);
     ^~~~~~~~~~~~~~
main.c: In function 'main':
main.c:126:19: error: invalid type argument of unary '*' (have 'int')
     printf(sizeof(*memregister));
                   ^~~~~~~~~~~~
main.c:130:12: warning: passing argument 1 of 'printf' makes pointer from integer without a cast [-Wint-conversion]
     printf(memread);
            ^~~~~~~
In file included from c:\maxim\toolchain\arm-none-eabi\include\stdio.h:29:0,
                 from main.c:47:
c:\maxim\toolchain\arm-none-eabi\include\stdio.h:200:5: note: expected 'const char * restrict' but argument is of type 'uint8_t {aka unsigned char}'
 int _EXFUN(printf, (const char *__restrict, ...)
     ^
At top level:
main.c:66:16: warning: 'rxdata' defined but not used [-Wunused-variable]
 static uint8_t rxdata[4];
                ^~~~~~
make: *** [/c/Users/spayr/Documents/eclipseworkspace/MAX32660/I2C_Memory/build/main.o] Error 1
17:45:11 **** Incremental Build of configuration Debug for project I2C_Memory ****
make ECLIPSE=1 all 
make -C /C/Maxim/Firmware/MAX32660/Libraries/MAX32660PeriphDriver lib BUILD_DIR=/c/Users/spayr/Documents/eclipseworkspace/MAX32660/I2C_Memory/build/PeriphDriver
make[1]: Entering directory `/C/Maxim/Firmware/MAX32660/Libraries/MAX32660PeriphDriver'
make[1]: Leaving directory `/C/Maxim/Firmware/MAX32660/Libraries/MAX32660PeriphDriver'
arm-none-eabi-gcc -mthumb -mcpu=cortex-m4 -mfloat-abi=hard -mfpu=fpv4-sp-d16 -Wa,-mimplicit-it=thumb -O1 -fsingle-precision-constant -ffunction-sections -fdata-sections -MD -Wall -Wdouble-promotion -Wno-format -c -fno-isolate-erroneous-paths-dereference -DTARGET=32660 -DTARGET_REV=0x4131 -g3 -ggdb -DDEBUG -DMXC_ASSERT_ENABLE -DRO_FREQ=80000000 -I. -IC:/Maxim/Firmware/MAX32660/Libraries/Boards/EvKit_V1/Include -IC:/Maxim/Firmware/MAX32660/Libraries/Boards/EvKit_V1/../Include -IC:/Maxim/Firmware/MAX32660/Libraries/MAX32660PeriphDriver/Include -IC:/Maxim/Firmware/MAX32660/Libraries/CMSIS/Device/Maxim/MAX32660/Include -IC:/Maxim/Firmware/MAX32660/Libraries/CMSIS/Include -o /c/Users/spayr/Documents/eclipseworkspace/MAX32660/I2C_Memory/build/main.o main.c
main.c: In function 'writeread':
main.c:92:51: warning: passing argument 3 of 'I2C_MasterWrite' makes pointer from integer without a cast [-Wint-conversion]
  if((rc = I2C_MasterWrite(MXC_I2C0, I2C_MEM_ADDR, reg, sizeof(reg), 1)) != 247) { // with restart
                                                   ^~~
In file included from main.c:51:0:
c:/Maxim/Firmware/MAX32660/Libraries/MAX32660PeriphDriver/Include/i2c.h:150:5: note: expected 'const uint8_t * {aka const unsigned char *}' but argument is of type 'uint8_t {aka unsigned char}'
 int I2C_MasterWrite(mxc_i2c_regs_t *i2c, uint8_t addr, const uint8_t* data, int len, int restart);
     ^~~~~~~~~~~~~~~
main.c:98:52: warning: passing argument 3 of 'I2C_MasterRead' makes pointer from integer without a cast [-Wint-conversion]
  if((rc = I2C_MasterRead(MXC_I2C0, memory_address, data, size, 0)) != 247) { // with a stop
                                                    ^~~~
In file included from main.c:51:0:
c:/Maxim/Firmware/MAX32660/Libraries/MAX32660PeriphDriver/Include/i2c.h:166:5: note: expected 'uint8_t * {aka unsigned char *}' but argument is of type 'uint8_t {aka unsigned char}'
 int I2C_MasterRead(mxc_i2c_regs_t *i2c, uint8_t addr, uint8_t* data, int len, int restart);
     ^~~~~~~~~~~~~~
main.c: In function 'main':
main.c:130:12: warning: passing argument 1 of 'printf' makes pointer from integer without a cast [-Wint-conversion]
     printf(memread);
            ^~~~~~~
In file included from c:\maxim\toolchain\arm-none-eabi\include\stdio.h:29:0,
                 from main.c:47:
c:\maxim\toolchain\arm-none-eabi\include\stdio.h:200:5: note: expected 'const char * restrict' but argument is of type 'uint8_t {aka unsigned char}'
 int _EXFUN(printf, (const char *__restrict, ...)
     ^
main.c:126:9: warning: unused variable 'size' [-Wunused-variable]
     int size = sizeof(memregister);
         ^~~~
At top level:
main.c:66:16: warning: 'rxdata' defined but not used [-Wunused-variable]
 static uint8_t rxdata[4];
                ^~~~~~
  LD    /c/Users/spayr/Documents/eclipseworkspace/MAX32660/I2C_Memory/build/I2C_Memory.elf 
17:46:06 **** Incremental Build of configuration Debug for project I2C_Memory ****
make ECLIPSE=1 all 
make -C /C/Maxim/Firmware/MAX32660/Libraries/MAX32660PeriphDriver lib BUILD_DIR=/c/Users/spayr/Documents/eclipseworkspace/MAX32660/I2C_Memory/build/PeriphDriver
make[1]: Entering directory `/C/Maxim/Firmware/MAX32660/Libraries/MAX32660PeriphDriver'
make[1]: Leaving directory `/C/Maxim/Firmware/MAX32660/Libraries/MAX32660PeriphDriver'
arm-none-eabi-gcc -mthumb -mcpu=cortex-m4 -mfloat-abi=hard -mfpu=fpv4-sp-d16 -Wa,-mimplicit-it=thumb -O1 -fsingle-precision-constant -ffunction-sections -fdata-sections -MD -Wall -Wdouble-promotion -Wno-format -c -fno-isolate-erroneous-paths-dereference -DTARGET=32660 -DTARGET_REV=0x4131 -g3 -ggdb -DDEBUG -DMXC_ASSERT_ENABLE -DRO_FREQ=80000000 -I. -IC:/Maxim/Firmware/MAX32660/Libraries/Boards/EvKit_V1/Include -IC:/Maxim/Firmware/MAX32660/Libraries/Boards/EvKit_V1/../Include -IC:/Maxim/Firmware/MAX32660/Libraries/MAX32660PeriphDriver/Include -IC:/Maxim/Firmware/MAX32660/Libraries/CMSIS/Device/Maxim/MAX32660/Include -IC:/Maxim/Firmware/MAX32660/Libraries/CMSIS/Include -o /c/Users/spayr/Documents/eclipseworkspace/MAX32660/I2C_Memory/build/main.o main.c
main.c: In function 'writeread':
main.c:92:51: warning: passing argument 3 of 'I2C_MasterWrite' makes pointer from integer without a cast [-Wint-conversion]
  if((rc = I2C_MasterWrite(MXC_I2C0, I2C_MEM_ADDR, reg, sizeof(reg), 1)) != 247) { // with restart
                                                   ^~~
In file included from main.c:51:0:
c:/Maxim/Firmware/MAX32660/Libraries/MAX32660PeriphDriver/Include/i2c.h:150:5: note: expected 'const uint8_t * {aka const unsigned char *}' but argument is of type 'uint8_t {aka unsigned char}'
 int I2C_MasterWrite(mxc_i2c_regs_t *i2c, uint8_t addr, const uint8_t* data, int len, int restart);
     ^~~~~~~~~~~~~~~
main.c:98:52: warning: passing argument 3 of 'I2C_MasterRead' makes pointer from integer without a cast [-Wint-conversion]
  if((rc = I2C_MasterRead(MXC_I2C0, memory_address, data, size, 0)) != 247) { // with a stop
                                                    ^~~~
In file included from main.c:51:0:
c:/Maxim/Firmware/MAX32660/Libraries/MAX32660PeriphDriver/Include/i2c.h:166:5: note: expected 'uint8_t * {aka unsigned char *}' but argument is of type 'uint8_t {aka unsigned char}'
 int I2C_MasterRead(mxc_i2c_regs_t *i2c, uint8_t addr, uint8_t* data, int len, int restart);
     ^~~~~~~~~~~~~~
main.c: In function 'main':
main.c:131:12: warning: passing argument 1 of 'printf' makes pointer from integer without a cast [-Wint-conversion]
     printf(memread);
            ^~~~~~~
In file included from c:\maxim\toolchain\arm-none-eabi\include\stdio.h:29:0,
                 from main.c:47:
c:\maxim\toolchain\arm-none-eabi\include\stdio.h:200:5: note: expected 'const char * restrict' but argument is of type 'uint8_t {aka unsigned char}'
 int _EXFUN(printf, (const char *__restrict, ...)
     ^
At top level:
main.c:66:16: warning: 'rxdata' defined but not used [-Wunused-variable]
 static uint8_t rxdata[4];
                ^~~~~~
  LD    /c/Users/spayr/Documents/eclipseworkspace/MAX32660/I2C_Memory/build/I2C_Memory.elf 
17:47:48 **** Incremental Build of configuration Debug for project I2C_Memory ****
make ECLIPSE=1 all 
make -C /C/Maxim/Firmware/MAX32660/Libraries/MAX32660PeriphDriver lib BUILD_DIR=/c/Users/spayr/Documents/eclipseworkspace/MAX32660/I2C_Memory/build/PeriphDriver
make[1]: Entering directory `/C/Maxim/Firmware/MAX32660/Libraries/MAX32660PeriphDriver'
make[1]: Leaving directory `/C/Maxim/Firmware/MAX32660/Libraries/MAX32660PeriphDriver'
arm-none-eabi-gcc -mthumb -mcpu=cortex-m4 -mfloat-abi=hard -mfpu=fpv4-sp-d16 -Wa,-mimplicit-it=thumb -O1 -fsingle-precision-constant -ffunction-sections -fdata-sections -MD -Wall -Wdouble-promotion -Wno-format -c -fno-isolate-erroneous-paths-dereference -DTARGET=32660 -DTARGET_REV=0x4131 -g3 -ggdb -DDEBUG -DMXC_ASSERT_ENABLE -DRO_FREQ=80000000 -I. -IC:/Maxim/Firmware/MAX32660/Libraries/Boards/EvKit_V1/Include -IC:/Maxim/Firmware/MAX32660/Libraries/Boards/EvKit_V1/../Include -IC:/Maxim/Firmware/MAX32660/Libraries/MAX32660PeriphDriver/Include -IC:/Maxim/Firmware/MAX32660/Libraries/CMSIS/Device/Maxim/MAX32660/Include -IC:/Maxim/Firmware/MAX32660/Libraries/CMSIS/Include -o /c/Users/spayr/Documents/eclipseworkspace/MAX32660/I2C_Memory/build/main.o main.c
main.c: In function 'writeread':
main.c:92:51: warning: passing argument 3 of 'I2C_MasterWrite' makes pointer from integer without a cast [-Wint-conversion]
  if((rc = I2C_MasterWrite(MXC_I2C0, I2C_MEM_ADDR, reg, sizeof(reg), 1)) != 247) { // with restart
                                                   ^~~
In file included from main.c:51:0:
c:/Maxim/Firmware/MAX32660/Libraries/MAX32660PeriphDriver/Include/i2c.h:150:5: note: expected 'const uint8_t * {aka const unsigned char *}' but argument is of type 'uint8_t {aka unsigned char}'
 int I2C_MasterWrite(mxc_i2c_regs_t *i2c, uint8_t addr, const uint8_t* data, int len, int restart);
     ^~~~~~~~~~~~~~~
main.c:98:52: warning: passing argument 3 of 'I2C_MasterRead' makes pointer from integer without a cast [-Wint-conversion]
  if((rc = I2C_MasterRead(MXC_I2C0, memory_address, data, size, 0)) != 247) { // with a stop
                                                    ^~~~
In file included from main.c:51:0:
c:/Maxim/Firmware/MAX32660/Libraries/MAX32660PeriphDriver/Include/i2c.h:166:5: note: expected 'uint8_t * {aka unsigned char *}' but argument is of type 'uint8_t {aka unsigned char}'
 int I2C_MasterRead(mxc_i2c_regs_t *i2c, uint8_t addr, uint8_t* data, int len, int restart);
     ^~~~~~~~~~~~~~
main.c: In function 'main':
main.c:131:12: warning: passing argument 1 of 'printf' makes pointer from integer without a cast [-Wint-conversion]
     printf(memread);
            ^~~~~~~
In file included from c:\maxim\toolchain\arm-none-eabi\include\stdio.h:29:0,
                 from main.c:47:
c:\maxim\toolchain\arm-none-eabi\include\stdio.h:200:5: note: expected 'const char * restrict' but argument is of type 'uint8_t {aka unsigned char}'
 int _EXFUN(printf, (const char *__restrict, ...)
     ^
At top level:
main.c:66:16: warning: 'rxdata' defined but not used [-Wunused-variable]
 static uint8_t rxdata[4];
                ^~~~~~
  LD    /c/Users/spayr/Documents/eclipseworkspace/MAX32660/I2C_Memory/build/I2C_Memory.elf 
17:48:55 **** Incremental Build of configuration Debug for project I2C_Memory ****
make ECLIPSE=1 all 
make -C /C/Maxim/Firmware/MAX32660/Libraries/MAX32660PeriphDriver lib BUILD_DIR=/c/Users/spayr/Documents/eclipseworkspace/MAX32660/I2C_Memory/build/PeriphDriver
make[1]: Entering directory `/C/Maxim/Firmware/MAX32660/Libraries/MAX32660PeriphDriver'
make[1]: Leaving directory `/C/Maxim/Firmware/MAX32660/Libraries/MAX32660PeriphDriver'
arm-none-eabi-gcc -mthumb -mcpu=cortex-m4 -mfloat-abi=hard -mfpu=fpv4-sp-d16 -Wa,-mimplicit-it=thumb -O1 -fsingle-precision-constant -ffunction-sections -fdata-sections -MD -Wall -Wdouble-promotion -Wno-format -c -fno-isolate-erroneous-paths-dereference -DTARGET=32660 -DTARGET_REV=0x4131 -g3 -ggdb -DDEBUG -DMXC_ASSERT_ENABLE -DRO_FREQ=80000000 -I. -IC:/Maxim/Firmware/MAX32660/Libraries/Boards/EvKit_V1/Include -IC:/Maxim/Firmware/MAX32660/Libraries/Boards/EvKit_V1/../Include -IC:/Maxim/Firmware/MAX32660/Libraries/MAX32660PeriphDriver/Include -IC:/Maxim/Firmware/MAX32660/Libraries/CMSIS/Device/Maxim/MAX32660/Include -IC:/Maxim/Firmware/MAX32660/Libraries/CMSIS/Include -o /c/Users/spayr/Documents/eclipseworkspace/MAX32660/I2C_Memory/build/main.o main.c
main.c: In function 'writeread':
main.c:92:51: warning: passing argument 3 of 'I2C_MasterWrite' makes pointer from integer without a cast [-Wint-conversion]
  if((rc = I2C_MasterWrite(MXC_I2C0, I2C_MEM_ADDR, reg, sizeof(reg), 1)) != E_NO_ERROR) { // with restart
                                                   ^~~
In file included from main.c:51:0:
c:/Maxim/Firmware/MAX32660/Libraries/MAX32660PeriphDriver/Include/i2c.h:150:5: note: expected 'const uint8_t * {aka const unsigned char *}' but argument is of type 'uint8_t {aka unsigned char}'
 int I2C_MasterWrite(mxc_i2c_regs_t *i2c, uint8_t addr, const uint8_t* data, int len, int restart);
     ^~~~~~~~~~~~~~~
main.c:98:52: warning: passing argument 3 of 'I2C_MasterRead' makes pointer from integer without a cast [-Wint-conversion]
  if((rc = I2C_MasterRead(MXC_I2C0, memory_address, data, size, 0)) != E_NO_ERROR) { // with a stop
                                                    ^~~~
In file included from main.c:51:0:
c:/Maxim/Firmware/MAX32660/Libraries/MAX32660PeriphDriver/Include/i2c.h:166:5: note: expected 'uint8_t * {aka unsigned char *}' but argument is of type 'uint8_t {aka unsigned char}'
 int I2C_MasterRead(mxc_i2c_regs_t *i2c, uint8_t addr, uint8_t* data, int len, int restart);
     ^~~~~~~~~~~~~~
main.c: In function 'main':
main.c:131:12: warning: passing argument 1 of 'printf' makes pointer from integer without a cast [-Wint-conversion]
     printf(memread);
            ^~~~~~~
In file included from c:\maxim\toolchain\arm-none-eabi\include\stdio.h:29:0,
                 from main.c:47:
c:\maxim\toolchain\arm-none-eabi\include\stdio.h:200:5: note: expected 'const char * restrict' but argument is of type 'uint8_t {aka unsigned char}'
 int _EXFUN(printf, (const char *__restrict, ...)
     ^
At top level:
main.c:66:16: warning: 'rxdata' defined but not used [-Wunused-variable]
 static uint8_t rxdata[4];
                ^~~~~~
  LD    /c/Users/spayr/Documents/eclipseworkspace/MAX32660/I2C_Memory/build/I2C_Memory.elf 
